<?xml version="1.0" encoding="UTF-8"?>
<!-- Generated by org.testng.reporters.JUnitXMLReporter -->
<testsuite ignored="0" hostname="DESKTOP-OTPSMSU" failures="0" tests="3" name="Default test" time="21.863" errors="0" timestamp="2023-12-14T21:09:56 IST">
  <testcase classname="test_cases.LoginPageTest" name="verifyTitleOfApplicationTest" time="1.295"/>
  <testcase classname="test_cases.LoginPageTest" name="verifyURLOfApplicationTest" time="0.097"/>
  <testcase classname="test_cases.LoginPageTest" name="LoginToApplicationTest" time="0.406"/>
</testsuite> <!-- Default test -->
