<?xml version="1.0" encoding="UTF-8"?>
<testng-results ignored="0" total="3" passed="3" failed="0" skipped="0">
  <reporter-output>
  </reporter-output>
  <suite started-at="2023-12-14T21:09:34 IST" name="Default suite" finished-at="2023-12-14T21:09:56 IST" duration-ms="21863">
    <groups>
      <group name="Sanity">
        <method signature="LoginPageTest.verifyTitleOfApplicationTest()[pri:1, instance:test_cases.LoginPageTest@1787bc24]" name="verifyTitleOfApplicationTest" class="test_cases.LoginPageTest"/>
        <method signature="LoginPageTest.verifyURLOfApplicationTest()[pri:2, instance:test_cases.LoginPageTest@1787bc24]" name="verifyURLOfApplicationTest" class="test_cases.LoginPageTest"/>
      </group> <!-- Sanity -->
      <group name="Retesting">
        <method signature="LoginPageTest.verifyURLOfApplicationTest()[pri:2, instance:test_cases.LoginPageTest@1787bc24]" name="verifyURLOfApplicationTest" class="test_cases.LoginPageTest"/>
      </group> <!-- Retesting -->
      <group name="Regression">
        <method signature="LoginPageTest.LoginToApplicationTest()[pri:3, instance:test_cases.LoginPageTest@1787bc24]" name="LoginToApplicationTest" class="test_cases.LoginPageTest"/>
      </group> <!-- Regression -->
    </groups>
    <test started-at="2023-12-14T21:09:34 IST" name="Default test" finished-at="2023-12-14T21:09:56 IST" duration-ms="21863">
      <class name="test_cases.LoginPageTest">
        <test-method is-config="true" signature="setup()[pri:0, instance:test_cases.LoginPageTest@1787bc24]" started-at="2023-12-14T21:09:34 IST" name="setup" finished-at="2023-12-14T21:09:43 IST" duration-ms="9074" status="PASS">
          <reporter-output>
          </reporter-output>
        </test-method> <!-- setup -->
        <test-method signature="verifyTitleOfApplicationTest()[pri:1, instance:test_cases.LoginPageTest@1787bc24]" started-at="2023-12-14T21:09:43 IST" name="verifyTitleOfApplicationTest" finished-at="2023-12-14T21:09:44 IST" duration-ms="1295" status="PASS">
          <reporter-output>
          </reporter-output>
        </test-method> <!-- verifyTitleOfApplicationTest -->
        <test-method is-config="true" signature="closeBrowser(org.testng.ITestResult)[pri:0, instance:test_cases.LoginPageTest@1787bc24]" started-at="2023-12-14T21:09:44 IST" name="closeBrowser" finished-at="2023-12-14T21:09:45 IST" duration-ms="142" status="PASS">
          <params>
            <param index="0">
              <value>
                <![CDATA[[TestResult name=verifyTitleOfApplicationTest status=SUCCESS method=LoginPageTest.verifyTitleOfApplicationTest()[pri:1, instance:test_cases.LoginPageTest@1787bc24] output={null}]]]>
              </value>
            </param>
          </params>
          <reporter-output>
          </reporter-output>
        </test-method> <!-- closeBrowser -->
        <test-method is-config="true" signature="setup()[pri:0, instance:test_cases.LoginPageTest@1787bc24]" started-at="2023-12-14T21:09:45 IST" name="setup" finished-at="2023-12-14T21:09:49 IST" duration-ms="4605" status="PASS">
          <reporter-output>
          </reporter-output>
        </test-method> <!-- setup -->
        <test-method signature="verifyURLOfApplicationTest()[pri:2, instance:test_cases.LoginPageTest@1787bc24]" started-at="2023-12-14T21:09:49 IST" name="verifyURLOfApplicationTest" finished-at="2023-12-14T21:09:49 IST" duration-ms="97" status="PASS">
          <reporter-output>
          </reporter-output>
        </test-method> <!-- verifyURLOfApplicationTest -->
        <test-method is-config="true" signature="closeBrowser(org.testng.ITestResult)[pri:0, instance:test_cases.LoginPageTest@1787bc24]" started-at="2023-12-14T21:09:49 IST" name="closeBrowser" finished-at="2023-12-14T21:09:49 IST" duration-ms="140" status="PASS">
          <params>
            <param index="0">
              <value>
                <![CDATA[[TestResult name=verifyURLOfApplicationTest status=SUCCESS method=LoginPageTest.verifyURLOfApplicationTest()[pri:2, instance:test_cases.LoginPageTest@1787bc24] output={null}]]]>
              </value>
            </param>
          </params>
          <reporter-output>
          </reporter-output>
        </test-method> <!-- closeBrowser -->
        <test-method is-config="true" signature="setup()[pri:0, instance:test_cases.LoginPageTest@1787bc24]" started-at="2023-12-14T21:09:49 IST" name="setup" finished-at="2023-12-14T21:09:55 IST" duration-ms="5634" status="PASS">
          <reporter-output>
          </reporter-output>
        </test-method> <!-- setup -->
        <test-method signature="LoginToApplicationTest()[pri:3, instance:test_cases.LoginPageTest@1787bc24]" started-at="2023-12-14T21:09:55 IST" name="LoginToApplicationTest" finished-at="2023-12-14T21:09:55 IST" duration-ms="406" status="PASS">
          <reporter-output>
          </reporter-output>
        </test-method> <!-- LoginToApplicationTest -->
        <test-method is-config="true" signature="closeBrowser(org.testng.ITestResult)[pri:0, instance:test_cases.LoginPageTest@1787bc24]" started-at="2023-12-14T21:09:55 IST" name="closeBrowser" finished-at="2023-12-14T21:09:56 IST" duration-ms="400" status="PASS">
          <params>
            <param index="0">
              <value>
                <![CDATA[[TestResult name=LoginToApplicationTest status=SUCCESS method=LoginPageTest.LoginToApplicationTest()[pri:3, instance:test_cases.LoginPageTest@1787bc24] output={null}]]]>
              </value>
            </param>
          </params>
          <reporter-output>
          </reporter-output>
        </test-method> <!-- closeBrowser -->
      </class> <!-- test_cases.LoginPageTest -->
    </test> <!-- Default test -->
  </suite> <!-- Default suite -->
</testng-results>
